<?xml version="1.0" encoding="UTF-8"?>
<!-- Generated by org.testng.reporters.JUnitXMLReporter -->
<testsuite ignored="0" hostname="DESKTOP-29A27AQ" failures="0" tests="4" name="Default test" time="50.25" errors="0" timestamp="2025-07-10T05:57:32 IST">
  <testcase classname="OrangeHRM.OHRM_DDT" name="Ohrmlogin" time="5.796"/>
  <testcase classname="OrangeHRM.OHRM_DDT" name="Ohrmlogin" time="6.099"/>
  <testcase classname="OrangeHRM.OHRM_DDT" name="Ohrmlogin" time="6.372"/>
  <testcase classname="OrangeHRM.OHRM_DDT" name="Ohrmlogin" time="6.719"/>
</testsuite> <!-- Default test -->
