<?xml version="1.0" encoding="UTF-8"?>
<!-- Generated by org.testng.reporters.JUnitXMLReporter -->
<testsuite ignored="0" hostname="DESKTOP-29A27AQ" failures="0" tests="4" name="Default test" time="46.963" errors="0" timestamp="2025-07-10T07:20:00 IST">
  <testcase classname="eCommerceApplication.eCommerceTest" name="loginTest" time="4.166"/>
  <testcase classname="eCommerceApplication.eCommerceTest" name="pageBrowsingTest" time="11.545"/>
  <testcase classname="eCommerceApplication.eCommerceTest" name="productBrowsingTest" time="14.855"/>
  <testcase classname="eCommerceApplication.eCommerceTest" name="cartCheckoutTest" time="9.597"/>
</testsuite> <!-- Default test -->
