<?xml version="1.0" encoding="UTF-8"?>
<!-- Generated by org.testng.reporters.JUnitXMLReporter -->
<testsuite ignored="0" hostname="DESKTOP-29A27AQ" failures="0" tests="3" name="HomePageTestCase" time="12.745" errors="0" timestamp="2025-06-14T23:30:22 IST">
  <testcase classname="com.CRM.TestCase.HomePageTestCase" name="verifyUrl" time="2.25"/>
  <testcase classname="com.CRM.TestCase.HomePageTestCase" name="verifyTitle" time="0.023"/>
  <testcase classname="com.CRM.TestCase.HomePageTestCase" name="validateSignInLink" time="1.957"/>
</testsuite> <!-- HomePageTestCase -->
