<?xml version="1.0" encoding="UTF-8"?>
<!-- Generated by org.testng.reporters.JUnitXMLReporter -->
<testsuite ignored="0" hostname="DESKTOP-29A27AQ" failures="1" tests="1" name="LoginPageTestCase" time="8.046" errors="0" timestamp="2025-06-14T23:30:30 IST">
  <testcase classname="com.CRM.TestCase.LoginPageTestCase" name="validateLogin" time="0.483">
    <failure type="java.lang.AssertionError" message="Test Fail : Login Fail expected [true] but found [false]">
      <![CDATA[java.lang.AssertionError: Test Fail : Login Fail expected [true] but found [false]
at com.CRM.TestCase.LoginPageTestCase.validateLogin(LoginPageTestCase.java:21)
at java.base/java.util.ArrayList.forEach(ArrayList.java:1597)
... Removed 28 stack frames]]>
    </failure>
  </testcase> <!-- validateLogin -->
</testsuite> <!-- LoginPageTestCase -->
