<?xml version="1.0" encoding="UTF-8"?>
<testng-results ignored="0" total="4" passed="4" failed="0" skipped="0">
  <reporter-output>
  </reporter-output>
  <suite started-at="2025-06-14T11:15:59 IST" name="Suite" finished-at="2025-06-14T11:16:18 IST" duration-ms="18344">
    <groups>
    </groups>
    <test started-at="2025-06-14T11:15:59 IST" name="HomePageTestCase" finished-at="2025-06-14T11:16:08 IST" duration-ms="8627">
      <class name="com.CRM.TestCase.HomePageTestCase">
        <test-method is-config="true" signature="setup()[pri:0, instance:com.CRM.TestCase.HomePageTestCase@661972b0]" started-at="2025-06-14T11:15:59 IST" name="setup" finished-at="2025-06-14T11:16:06 IST" duration-ms="6582" status="PASS">
          <reporter-output>
          </reporter-output>
        </test-method> <!-- setup -->
        <test-method signature="verifyUrl()[pri:1, instance:com.CRM.TestCase.HomePageTestCase@661972b0]" started-at="2025-06-14T11:16:06 IST" name="verifyUrl" finished-at="2025-06-14T11:16:06 IST" duration-ms="18" status="PASS">
          <reporter-output>
          </reporter-output>
        </test-method> <!-- verifyUrl -->
        <test-method signature="verifyTitle()[pri:2, instance:com.CRM.TestCase.HomePageTestCase@661972b0]" started-at="2025-06-14T11:16:06 IST" name="verifyTitle" finished-at="2025-06-14T11:16:06 IST" duration-ms="13" status="PASS">
          <reporter-output>
          </reporter-output>
        </test-method> <!-- verifyTitle -->
        <test-method signature="validateSignInLink()[pri:3, instance:com.CRM.TestCase.HomePageTestCase@661972b0]" started-at="2025-06-14T11:16:06 IST" name="validateSignInLink" finished-at="2025-06-14T11:16:08 IST" duration-ms="1939" status="PASS">
          <reporter-output>
          </reporter-output>
        </test-method> <!-- validateSignInLink -->
      </class> <!-- com.CRM.TestCase.HomePageTestCase -->
    </test> <!-- HomePageTestCase -->
    <test started-at="2025-06-14T11:16:08 IST" name="LoginPageTestCase" finished-at="2025-06-14T11:16:18 IST" duration-ms="9646">
      <class name="com.CRM.TestCase.LoginPageTestCase">
        <test-method is-config="true" signature="setup()[pri:0, instance:com.CRM.TestCase.LoginPageTestCase@77847718]" started-at="2025-06-14T11:16:08 IST" name="setup" finished-at="2025-06-14T11:16:13 IST" duration-ms="4813" status="PASS">
          <reporter-output>
          </reporter-output>
        </test-method> <!-- setup -->
        <test-method is-config="true" signature="pageSetup()[pri:0, instance:com.CRM.TestCase.LoginPageTestCase@77847718]" started-at="2025-06-14T11:16:13 IST" name="pageSetup" finished-at="2025-06-14T11:16:15 IST" duration-ms="1900" status="PASS">
          <reporter-output>
          </reporter-output>
        </test-method> <!-- pageSetup -->
        <test-method signature="validateLogin()[pri:0, instance:com.CRM.TestCase.LoginPageTestCase@77847718]" started-at="2025-06-14T11:16:15 IST" name="validateLogin" finished-at="2025-06-14T11:16:18 IST" duration-ms="2927" status="PASS">
          <reporter-output>
          </reporter-output>
        </test-method> <!-- validateLogin -->
      </class> <!-- com.CRM.TestCase.LoginPageTestCase -->
    </test> <!-- LoginPageTestCase -->
  </suite> <!-- Suite -->
</testng-results>
