<?xml version="1.0" encoding="UTF-8"?>
<testng-results ignored="0" total="4" passed="4" failed="0" skipped="0">
  <reporter-output>
  </reporter-output>
  <suite started-at="2025-06-13T00:43:49 IST" name="Suite" finished-at="2025-06-13T00:44:05 IST" duration-ms="15410">
    <groups>
    </groups>
    <test started-at="2025-06-13T00:43:49 IST" name="HomePageTestCase" finished-at="2025-06-13T00:43:56 IST" duration-ms="6847">
      <class name="com.CRM.TestCase.HomePageTestCase">
        <test-method is-config="true" signature="setup()[pri:0, instance:com.CRM.TestCase.HomePageTestCase@292b08d6]" started-at="2025-06-13T00:43:49 IST" name="setup" finished-at="2025-06-13T00:43:55 IST" duration-ms="5249" status="PASS">
          <reporter-output>
          </reporter-output>
        </test-method> <!-- setup -->
        <test-method signature="verifyUrl()[pri:1, instance:com.CRM.TestCase.HomePageTestCase@292b08d6]" started-at="2025-06-13T00:43:55 IST" name="verifyUrl" finished-at="2025-06-13T00:43:55 IST" duration-ms="31" status="PASS">
          <reporter-output>
          </reporter-output>
        </test-method> <!-- verifyUrl -->
        <test-method signature="verifyTitle()[pri:2, instance:com.CRM.TestCase.HomePageTestCase@292b08d6]" started-at="2025-06-13T00:43:55 IST" name="verifyTitle" finished-at="2025-06-13T00:43:55 IST" duration-ms="15" status="PASS">
          <reporter-output>
          </reporter-output>
        </test-method> <!-- verifyTitle -->
        <test-method signature="validateSignInLink()[pri:3, instance:com.CRM.TestCase.HomePageTestCase@292b08d6]" started-at="2025-06-13T00:43:55 IST" name="validateSignInLink" finished-at="2025-06-13T00:43:56 IST" duration-ms="1469" status="PASS">
          <reporter-output>
          </reporter-output>
        </test-method> <!-- validateSignInLink -->
      </class> <!-- com.CRM.TestCase.HomePageTestCase -->
    </test> <!-- HomePageTestCase -->
    <test started-at="2025-06-13T00:43:56 IST" name="LoginPageTestCase" finished-at="2025-06-13T00:44:05 IST" duration-ms="8397">
      <class name="com.CRM.TestCase.LoginPageTestCase">
        <test-method is-config="true" signature="setup()[pri:0, instance:com.CRM.TestCase.LoginPageTestCase@49438269]" started-at="2025-06-13T00:43:56 IST" name="setup" finished-at="2025-06-13T00:44:00 IST" duration-ms="3845" status="PASS">
          <reporter-output>
          </reporter-output>
        </test-method> <!-- setup -->
        <test-method is-config="true" signature="pageSetup()[pri:0, instance:com.CRM.TestCase.LoginPageTestCase@49438269]" started-at="2025-06-13T00:44:00 IST" name="pageSetup" finished-at="2025-06-13T00:44:02 IST" duration-ms="1735" status="PASS">
          <reporter-output>
          </reporter-output>
        </test-method> <!-- pageSetup -->
        <test-method signature="validateLogin()[pri:0, instance:com.CRM.TestCase.LoginPageTestCase@49438269]" started-at="2025-06-13T00:44:02 IST" name="validateLogin" finished-at="2025-06-13T00:44:05 IST" duration-ms="2804" status="PASS">
          <reporter-output>
          </reporter-output>
        </test-method> <!-- validateLogin -->
      </class> <!-- com.CRM.TestCase.LoginPageTestCase -->
    </test> <!-- LoginPageTestCase -->
  </suite> <!-- Suite -->
</testng-results>
